TN:
SF:src/controllers/nasa.controller.ts
FN:23,(anonymous_0)
FN:46,(anonymous_1)
FN:64,(anonymous_2)
FN:113,(anonymous_3)
FN:129,(anonymous_4)
FN:138,(anonymous_5)
FN:178,(anonymous_6)
FN:192,(anonymous_7)
FN:206,(anonymous_8)
FN:220,(anonymous_9)
FN:231,(anonymous_10)
FN:245,(anonymous_11)
FN:251,(anonymous_12)
FN:258,(anonymous_13)
FN:278,(anonymous_14)
FN:300,(anonymous_15)
FN:313,(anonymous_16)
FNF:17
FNH:0
FNDA:0,(anonymous_0)
FNDA:0,(anonymous_1)
FNDA:0,(anonymous_2)
FNDA:0,(anonymous_3)
FNDA:0,(anonymous_4)
FNDA:0,(anonymous_5)
FNDA:0,(anonymous_6)
FNDA:0,(anonymous_7)
FNDA:0,(anonymous_8)
FNDA:0,(anonymous_9)
FNDA:0,(anonymous_10)
FNDA:0,(anonymous_11)
FNDA:0,(anonymous_12)
FNDA:0,(anonymous_13)
FNDA:0,(anonymous_14)
FNDA:0,(anonymous_15)
FNDA:0,(anonymous_16)
DA:2,0
DA:15,0
DA:17,0
DA:20,0
DA:23,0
DA:24,0
DA:46,0
DA:47,0
DA:50,0
DA:51,0
DA:52,0
DA:59,0
DA:60,0
DA:64,0
DA:65,0
DA:66,0
DA:69,0
DA:70,0
DA:77,0
DA:78,0
DA:79,0
DA:86,0
DA:88,0
DA:89,0
DA:92,0
DA:95,0
DA:102,0
DA:104,0
DA:105,0
DA:113,0
DA:114,0
DA:117,0
DA:118,0
DA:124,0
DA:125,0
DA:129,0
DA:130,0
DA:131,0
DA:138,0
DA:139,0
DA:142,0
DA:143,0
DA:144,0
DA:151,0
DA:152,0
DA:153,0
DA:156,0
DA:159,0
DA:167,0
DA:169,0
DA:170,0
DA:178,0
DA:179,0
DA:180,0
DA:181,0
DA:183,0
DA:184,0
DA:192,0
DA:193,0
DA:194,0
DA:195,0
DA:197,0
DA:198,0
DA:206,0
DA:207,0
DA:208,0
DA:209,0
DA:211,0
DA:212,0
DA:220,0
DA:221,0
DA:223,0
DA:231,0
DA:232,0
DA:234,0
DA:235,0
DA:242,0
DA:244,0
DA:245,0
DA:246,0
DA:250,0
DA:251,0
DA:252,0
DA:256,0
DA:257,0
DA:258,0
DA:259,0
DA:263,0
DA:270,0
DA:271,0
DA:278,0
DA:279,0
DA:281,0
DA:282,0
DA:288,0
DA:289,0
DA:290,0
DA:292,0
DA:293,0
DA:300,0
DA:301,0
DA:302,0
DA:303,0
DA:305,0
DA:306,0
DA:313,0
DA:314,0
DA:315,0
DA:316,0
DA:318,0
DA:319,0
LF:111
LH:0
BRDA:29,0,0,0
BRDA:29,0,1,0
BRDA:50,1,0,0
BRDA:50,2,0,0
BRDA:50,2,1,0
BRDA:51,3,0,0
BRDA:69,4,0,0
BRDA:69,5,0,0
BRDA:69,5,1,0
BRDA:77,6,0,0
BRDA:77,7,0,0
BRDA:77,7,1,0
BRDA:78,8,0,0
BRDA:86,9,0,0
BRDA:86,9,1,0
BRDA:92,10,0,0
BRDA:92,10,1,0
BRDA:98,11,0,0
BRDA:98,11,1,0
BRDA:99,12,0,0
BRDA:99,12,1,0
BRDA:117,13,0,0
BRDA:117,14,0,0
BRDA:117,14,1,0
BRDA:142,15,0,0
BRDA:142,16,0,0
BRDA:142,16,1,0
BRDA:143,17,0,0
BRDA:156,18,0,0
BRDA:156,18,1,0
BRDA:162,19,0,0
BRDA:162,19,1,0
BRDA:163,20,0,0
BRDA:163,20,1,0
BRDA:236,21,0,0
BRDA:236,21,1,0
BRDA:237,22,0,0
BRDA:237,22,1,0
BRDA:244,23,0,0
BRDA:250,24,0,0
BRDA:256,25,0,0
BRDA:281,26,0,0
BRF:42
BRH:0
end_of_record
TN:
SF:src/helpers/nasa-api.helper.ts
FN:17,(anonymous_1)
FN:32,(anonymous_2)
FN:64,(anonymous_3)
FN:71,(anonymous_4)
FN:74,(anonymous_5)
FN:87,(anonymous_6)
FN:88,(anonymous_7)
FN:89,(anonymous_8)
FN:96,(anonymous_9)
FN:108,(anonymous_10)
FN:143,(anonymous_11)
FN:176,(anonymous_12)
FN:192,(anonymous_13)
FN:205,(anonymous_14)
FN:218,(anonymous_15)
FN:219,(anonymous_16)
FN:283,(anonymous_17)
FN:347,(anonymous_18)
FN:425,(anonymous_19)
FN:436,(anonymous_20)
FN:549,(anonymous_21)
FN:557,(anonymous_22)
FN:571,(anonymous_23)
FN:576,(anonymous_24)
FN:900,(anonymous_25)
FN:901,(anonymous_26)
FN:913,(anonymous_27)
FN:997,(anonymous_28)
FN:998,(anonymous_29)
FN:998,(anonymous_30)
FN:1018,(anonymous_31)
FN:1093,(anonymous_32)
FN:1114,(anonymous_33)
FN:1216,(anonymous_34)
FN:1274,(anonymous_35)
FN:1287,(anonymous_36)
FN:1453,(anonymous_37)
FN:1472,(anonymous_38)
FNF:38
FNH:12
FNDA:0,(anonymous_1)
FNDA:1,(anonymous_2)
FNDA:4,(anonymous_3)
FNDA:1,(anonymous_4)
FNDA:4,(anonymous_5)
FNDA:4,(anonymous_6)
FNDA:0,(anonymous_7)
FNDA:0,(anonymous_8)
FNDA:0,(anonymous_9)
FNDA:1,(anonymous_10)
FNDA:0,(anonymous_11)
FNDA:1,(anonymous_12)
FNDA:1,(anonymous_13)
FNDA:1,(anonymous_14)
FNDA:0,(anonymous_15)
FNDA:0,(anonymous_16)
FNDA:0,(anonymous_17)
FNDA:0,(anonymous_18)
FNDA:0,(anonymous_19)
FNDA:1,(anonymous_20)
FNDA:1,(anonymous_21)
FNDA:1,(anonymous_22)
FNDA:0,(anonymous_23)
FNDA:0,(anonymous_24)
FNDA:0,(anonymous_25)
FNDA:0,(anonymous_26)
FNDA:0,(anonymous_27)
FNDA:0,(anonymous_28)
FNDA:0,(anonymous_29)
FNDA:0,(anonymous_30)
FNDA:0,(anonymous_31)
FNDA:0,(anonymous_32)
FNDA:0,(anonymous_33)
FNDA:0,(anonymous_34)
FNDA:0,(anonymous_35)
FNDA:0,(anonymous_36)
FNDA:0,(anonymous_37)
FNDA:0,(anonymous_38)
DA:1,1
DA:5,1
DA:8,1
DA:17,1
DA:18,0
DA:19,0
DA:20,0
DA:23,0
DA:28,0
DA:32,1
DA:36,1
DA:37,1
DA:38,1
DA:40,1
DA:41,0
DA:44,1
DA:47,1
DA:50,1
DA:51,0
DA:52,0
DA:55,0
DA:57,1
DA:59,1
DA:64,1
DA:65,4
DA:66,4
DA:67,4
DA:71,1
DA:72,1
DA:73,1
DA:75,4
DA:76,0
DA:86,1
DA:87,4
DA:88,0
DA:89,0
DA:91,1
DA:92,1
DA:96,0
DA:97,0
DA:100,0
DA:102,0
DA:103,0
DA:108,1
DA:109,1
DA:111,1
DA:112,1
DA:113,0
DA:114,0
DA:118,1
DA:119,1
DA:120,0
DA:121,0
DA:125,1
DA:126,1
DA:127,0
DA:128,0
DA:132,1
DA:133,1
DA:136,0
DA:138,0
DA:143,1
DA:144,0
DA:145,0
DA:148,0
DA:149,0
DA:152,0
DA:153,0
DA:154,0
DA:155,0
DA:156,0
DA:160,0
DA:162,0
DA:163,0
DA:165,0
DA:166,0
DA:168,0
DA:170,0
DA:171,0
DA:176,1
DA:177,1
DA:178,1
DA:184,1
DA:186,1
DA:187,1
DA:192,1
DA:193,1
DA:194,1
DA:197,1
DA:199,1
DA:200,1
DA:205,1
DA:206,1
DA:207,1
DA:210,1
DA:212,1
DA:213,1
DA:218,1
DA:219,0
DA:220,0
DA:222,0
DA:283,1
DA:284,0
DA:286,0
DA:347,1
DA:348,0
DA:349,0
DA:352,0
DA:353,0
DA:354,0
DA:357,0
DA:360,0
DA:361,0
DA:362,0
DA:364,0
DA:425,1
DA:426,0
DA:432,0
DA:436,1
DA:438,1
DA:439,1
DA:440,1
DA:441,1
DA:443,1
DA:446,1
DA:447,1
DA:450,1
DA:451,1
DA:452,1
DA:453,1
DA:456,1
DA:457,1
DA:460,1
DA:461,1
DA:462,1
DA:465,1
DA:466,1
DA:469,1
DA:470,1
DA:473,1
DA:476,1
DA:477,1
DA:478,1
DA:480,1
DA:539,1
DA:549,1
DA:550,1
DA:551,1
DA:552,1
DA:553,1
DA:557,1
DA:558,1
DA:559,1
DA:563,1
DA:565,0
DA:566,0
DA:571,1
DA:572,0
DA:573,0
DA:576,0
DA:578,0
DA:900,0
DA:901,0
DA:904,0
DA:913,1
DA:914,0
DA:916,0
DA:918,0
DA:919,0
DA:920,0
DA:924,0
DA:925,0
DA:928,0
DA:930,0
DA:997,1
DA:998,0
DA:999,0
DA:1018,0
DA:1019,0
DA:1020,0
DA:1022,0
DA:1023,0
DA:1026,0
DA:1027,0
DA:1040,0
DA:1041,0
DA:1053,0
DA:1054,0
DA:1060,0
DA:1061,0
DA:1062,0
DA:1063,0
DA:1064,0
DA:1067,0
DA:1068,0
DA:1069,0
DA:1070,0
DA:1073,0
DA:1077,0
DA:1089,0
DA:1093,1
DA:1094,0
DA:1095,0
DA:1097,0
DA:1098,0
DA:1099,0
DA:1101,0
DA:1102,0
DA:1103,0
DA:1105,0
DA:1106,0
DA:1107,0
DA:1110,0
DA:1114,1
DA:1115,0
DA:1116,0
DA:1117,0
DA:1136,0
DA:1138,0
DA:1139,0
DA:1140,0
DA:1143,0
DA:1144,0
DA:1147,0
DA:1148,0
DA:1149,0
DA:1150,0
DA:1151,0
DA:1154,0
DA:1155,0
DA:1158,0
DA:1159,0
DA:1160,0
DA:1163,0
DA:1164,0
DA:1165,0
DA:1167,0
DA:1178,0
DA:1188,0
DA:1200,0
DA:1212,0
DA:1216,1
DA:1221,0
DA:1222,0
DA:1225,0
DA:1234,0
DA:1235,0
DA:1243,0
DA:1244,0
DA:1247,0
DA:1255,0
DA:1256,0
DA:1264,0
DA:1265,0
DA:1266,0
DA:1270,0
DA:1274,1
DA:1275,0
DA:1276,0
DA:1279,0
DA:1281,0
DA:1282,0
DA:1287,1
DA:1288,0
DA:1394,0
DA:1395,0
DA:1396,0
DA:1397,0
DA:1399,0
DA:1415,0
DA:1416,0
DA:1417,0
DA:1418,0
DA:1419,0
DA:1420,0
DA:1421,0
DA:1423,0
DA:1442,0
DA:1444,0
DA:1453,1
DA:1455,0
DA:1472,1
DA:1473,0
LF:283
LH:105
BRDA:19,0,0,0
BRDA:33,1,0,0
BRDA:40,2,0,0
BRDA:40,2,1,1
BRDA:50,3,0,0
BRDA:50,4,0,1
BRDA:50,4,1,0
BRDA:91,5,0,1
BRDA:97,6,0,0
BRDA:97,6,1,0
BRDA:112,7,0,0
BRDA:112,8,0,1
BRDA:112,8,1,0
BRDA:119,9,0,0
BRDA:119,10,0,1
BRDA:119,10,1,0
BRDA:126,11,0,0
BRDA:126,12,0,1
BRDA:126,12,1,0
BRDA:148,13,0,0
BRDA:148,13,1,0
BRDA:152,14,0,0
BRDA:152,15,0,0
BRDA:152,15,1,0
BRDA:155,16,0,0
BRDA:160,17,0,0
BRDA:166,18,0,0
BRDA:166,18,1,0
BRDA:226,19,0,0
BRDA:226,19,1,0
BRDA:229,20,0,0
BRDA:229,20,1,0
BRDA:230,21,0,0
BRDA:230,21,1,0
BRDA:231,22,0,0
BRDA:231,22,1,0
BRDA:232,23,0,0
BRDA:232,23,1,0
BRDA:235,24,0,0
BRDA:235,24,1,0
BRDA:236,25,0,0
BRDA:236,25,1,0
BRDA:237,26,0,0
BRDA:237,26,1,0
BRDA:242,27,0,0
BRDA:242,27,1,0
BRDA:243,28,0,0
BRDA:243,28,1,0
BRDA:244,29,0,0
BRDA:244,29,1,0
BRDA:245,30,0,0
BRDA:245,30,1,0
BRDA:249,31,0,0
BRDA:249,31,1,0
BRDA:251,32,0,0
BRDA:251,32,1,0
BRDA:252,33,0,0
BRDA:252,33,1,0
BRDA:255,34,0,0
BRDA:255,34,1,0
BRDA:256,35,0,0
BRDA:256,35,1,0
BRDA:265,36,0,0
BRDA:265,36,1,0
BRDA:284,37,0,0
BRDA:284,37,1,0
BRDA:290,38,0,0
BRDA:290,38,1,0
BRDA:293,39,0,0
BRDA:293,39,1,0
BRDA:294,40,0,0
BRDA:294,40,1,0
BRDA:295,41,0,0
BRDA:295,41,1,0
BRDA:299,42,0,0
BRDA:299,42,1,0
BRDA:300,43,0,0
BRDA:300,43,1,0
BRDA:301,44,0,0
BRDA:301,44,1,0
BRDA:306,45,0,0
BRDA:306,45,1,0
BRDA:307,46,0,0
BRDA:307,46,1,0
BRDA:308,47,0,0
BRDA:308,47,1,0
BRDA:329,48,0,0
BRDA:329,48,1,0
BRDA:333,49,0,0
BRDA:333,49,1,0
BRDA:348,50,0,0
BRDA:348,50,1,0
BRDA:349,51,0,0
BRDA:349,51,1,0
BRDA:352,52,0,0
BRDA:352,52,1,0
BRDA:353,53,0,0
BRDA:353,53,1,0
BRDA:357,54,0,0
BRDA:357,54,1,0
BRDA:360,55,0,0
BRDA:360,55,1,0
BRDA:361,56,0,0
BRDA:361,56,1,0
BRDA:402,57,0,0
BRDA:402,57,1,0
BRDA:407,58,0,0
BRDA:407,58,1,0
BRDA:408,59,0,0
BRDA:408,59,1,0
BRDA:409,60,0,0
BRDA:409,60,1,0
BRDA:410,61,0,0
BRDA:410,61,1,0
BRDA:411,62,0,0
BRDA:411,62,1,0
BRDA:432,63,0,0
BRDA:432,63,1,0
BRDA:469,64,0,1
BRDA:469,64,1,1
BRDA:470,65,0,0
BRDA:470,65,1,1
BRDA:526,66,0,0
BRDA:526,66,1,1
BRDA:918,67,0,0
BRDA:918,68,0,0
BRDA:918,68,1,0
BRDA:918,68,2,0
BRDA:1006,69,0,0
BRDA:1006,69,1,0
BRDA:1007,70,0,0
BRDA:1007,70,1,0
BRDA:1020,71,0,0
BRDA:1022,72,0,0
BRDA:1022,72,1,0
BRDA:1023,73,0,0
BRDA:1023,73,1,0
BRDA:1026,74,0,0
BRDA:1030,75,0,0
BRDA:1030,75,1,0
BRDA:1031,76,0,0
BRDA:1031,76,1,0
BRDA:1032,77,0,0
BRDA:1032,77,1,0
BRDA:1033,78,0,0
BRDA:1033,78,1,0
BRDA:1033,79,0,0
BRDA:1033,79,1,0
BRDA:1035,80,0,0
BRDA:1035,80,1,0
BRDA:1040,81,0,0
BRDA:1044,82,0,0
BRDA:1044,82,1,0
BRDA:1045,83,0,0
BRDA:1045,83,1,0
BRDA:1046,84,0,0
BRDA:1046,84,1,0
BRDA:1048,85,0,0
BRDA:1048,85,1,0
BRDA:1053,86,0,0
BRDA:1053,87,0,0
BRDA:1053,87,1,0
BRDA:1060,88,0,0
BRDA:1061,89,0,0
BRDA:1061,89,1,0
BRDA:1062,90,0,0
BRDA:1062,90,1,0
BRDA:1063,91,0,0
BRDA:1063,91,1,0
BRDA:1064,92,0,0
BRDA:1064,92,1,0
BRDA:1067,93,0,0
BRDA:1067,94,0,0
BRDA:1067,94,1,0
BRDA:1068,95,0,0
BRDA:1068,95,1,0
BRDA:1069,96,0,0
BRDA:1069,96,1,0
BRDA:1070,97,0,0
BRDA:1070,97,1,0
BRDA:1097,98,0,0
BRDA:1098,99,0,0
BRDA:1098,99,1,0
BRDA:1101,100,0,0
BRDA:1102,101,0,0
BRDA:1102,101,1,0
BRDA:1105,102,0,0
BRDA:1106,103,0,0
BRDA:1106,103,1,0
BRDA:1110,104,0,0
BRDA:1110,104,1,0
BRDA:1216,105,0,0
BRDA:1227,106,0,0
BRDA:1227,106,1,0
BRDA:1228,107,0,0
BRDA:1228,107,1,0
BRDA:1243,108,0,0
BRDA:1243,109,0,0
BRDA:1243,109,1,0
BRDA:1248,110,0,0
BRDA:1248,110,1,0
BRDA:1249,111,0,0
BRDA:1249,111,1,0
BRDA:1250,112,0,0
BRDA:1250,112,1,0
BRDA:1251,113,0,0
BRDA:1251,113,1,0
BRDA:1264,114,0,0
BRDA:1264,115,0,0
BRDA:1264,115,1,0
BRF:210
BRH:10
end_of_record
TN:
SF:src/middleware/error-handler.ts
FN:6,(anonymous_1)
FN:42,(anonymous_2)
FNF:2
FNH:0
FNDA:0,(anonymous_1)
FNDA:0,(anonymous_2)
DA:2,0
DA:6,0
DA:12,0
DA:15,0
DA:16,0
DA:17,0
DA:21,0
DA:27,0
DA:28,0
DA:32,0
DA:38,0
DA:42,0
DA:43,0
LF:13
LH:0
BRDA:15,0,0,0
BRDA:16,1,0,0
BRDA:16,1,1,0
BRDA:17,2,0,0
BRDA:17,2,1,0
BRDA:17,2,2,0
BRF:6
BRH:0
end_of_record
TN:
SF:src/routes/index.ts
FN:5,(anonymous_1)
FNF:1
FNH:0
FNDA:0,(anonymous_1)
DA:2,0
DA:5,0
DA:7,0
LF:3
LH:0
BRF:0
BRH:0
end_of_record
TN:
SF:src/routes/nasa.routes.ts
FNF:0
FNH:0
DA:1,0
DA:2,0
DA:17,0
DA:19,0
DA:22,0
DA:25,0
DA:28,0
DA:29,0
DA:32,0
DA:35,0
DA:36,0
DA:39,0
DA:42,0
DA:45,0
DA:48,0
DA:49,0
DA:50,0
DA:51,0
DA:53,0
LF:19
LH:0
BRF:0
BRH:0
end_of_record
TN:
SF:src/utils/async-handler.ts
FN:4,(anonymous_0)
FN:5,(anonymous_1)
FNF:2
FNH:2
FNDA:4,(anonymous_0)
FNDA:4,(anonymous_1)
DA:4,1
DA:5,4
DA:6,4
LF:3
LH:3
BRF:0
BRH:0
end_of_record
TN:
SF:src/utils/validators.ts
FN:2,(anonymous_0)
FN:13,(anonymous_1)
FN:19,(anonymous_2)
FNF:3
FNH:3
FNDA:9,(anonymous_0)
FNDA:9,(anonymous_1)
FNDA:8,(anonymous_2)
DA:2,1
DA:3,9
DA:4,9
DA:5,3
DA:8,6
DA:9,6
DA:13,1
DA:14,9
DA:15,9
DA:19,1
DA:20,8
LF:11
LH:11
BRDA:4,0,0,3
BRDA:9,1,0,6
BRDA:9,1,1,6
BRDA:15,2,0,9
BRDA:15,2,1,7
BRDA:20,3,0,8
BRDA:20,3,1,5
BRF:7
BRH:7
end_of_record
